Add Component: Footprint Not Found RESC1005X06N
Add Component: Footprint Not Found RESC1005X06N
Added Component: Designator=R3(SMD-0603-RES)
Added Component: Designator=R4(SMD-0603-RES)
Added Component: Designator=R5(SMD-0603-RES)
Added Component: Designator=R6(SMD-0603-RES)
Added Component: Designator=R7(SMD-0603-RES)
Added Component: Designator=R8(SMD-0603-RES)
Added Component: Designator=R9(SMD-0603-RES)
Added Component: Designator=R10(SMD-0603-RES)
Added Component: Designator=R11(SMD-0603-RES)
Added Component: Designator=R12(SMD-0603-RES)
Added Component: Designator=TP1(PCBComponent_1)
Added Component: Designator=TP2(PCBComponent_1)
Added Component: Designator=TP3(PCBComponent_1)
Added Component: Designator=TP4(PCBComponent_1)
Added Component: Designator=TP5(PCBComponent_1)
Added Component: Designator=TP6(PCBComponent_1)
Added Component: Designator=TP7(PCBComponent_1)
Added Component: Designator=TP8(PCBComponent_1)
Add Pin To Net: Unknown Pin: Pin R1-1
Add Pin To Net: Unknown Pin: Pin R1-2
Add Pin To Net: Unknown Pin: Pin R2-1
Add Pin To Net: Unknown Pin: Pin R2-2
Added Pin To Net: NetName=RC-IN Pin=R3-1
Added Pin To Net: NetName=NetR3_2 Pin=R3-2
Added Pin To Net: NetName=NetQ1_3 Pin=R4-1
Added Pin To Net: NetName=MUX_A Pin=R4-2
Added Pin To Net: NetName=NetQ3_3 Pin=R5-1
Added Pin To Net: NetName=MUX_B Pin=R5-2
Added Pin To Net: NetName=NetQ5_3 Pin=R6-1
Added Pin To Net: NetName=MUX_C Pin=R6-2
Added Pin To Net: NetName=MUX_A Pin=R7-1
Added Pin To Net: NetName=COM Pin=R7-2
Added Pin To Net: NetName=MUX_B Pin=R8-1
Added Pin To Net: NetName=COM Pin=R8-2
Added Pin To Net: NetName=MUX_C Pin=R9-1
Added Pin To Net: NetName=COM Pin=R9-2
Added Pin To Net: NetName=MUX_A Pin=R10-1
Added Pin To Net: NetName=GND Pin=R10-2
Added Pin To Net: NetName=MUX_B Pin=R11-1
Added Pin To Net: NetName=GND Pin=R11-2
Added Pin To Net: NetName=MUX_C Pin=R12-1
Added Pin To Net: NetName=GND Pin=R12-2
Add Pin To Net: Unknown Pin: Pin TP1-1
Add Pin To Net: Unknown Pin: Pin TP2-1
Add Pin To Net: Unknown Pin: Pin TP3-1
Add Pin To Net: Unknown Pin: Pin TP4-1
Add Pin To Net: Unknown Pin: Pin TP5-1
Add Pin To Net: Unknown Pin: Pin TP6-1
Add Pin To Net: Unknown Pin: Pin TP7-1
Add Pin To Net: Unknown Pin: Pin TP8-1
Add Class Member: Failed to add class member : Component R1 Res3
Add Class Member: Failed to add class member : Component R2 Res3
Added Member To Class: ClassName=ESC Member=Component R3 =VALUE
Added Member To Class: ClassName=ESC Member=Component R4 =VALUE
Added Member To Class: ClassName=ESC Member=Component R5 =VALUE
Added Member To Class: ClassName=ESC Member=Component R6 =VALUE
Added Member To Class: ClassName=ESC Member=Component R7 =VALUE
Added Member To Class: ClassName=ESC Member=Component R8 =VALUE
Added Member To Class: ClassName=ESC Member=Component R9 =VALUE
Added Member To Class: ClassName=ESC Member=Component R10 =VALUE
Added Member To Class: ClassName=ESC Member=Component R11 =VALUE
Added Member To Class: ClassName=ESC Member=Component R12 =VALUE
Added Member To Class: ClassName=ESC Member=Component TP1 Component_1
Added Member To Class: ClassName=ESC Member=Component TP2 Component_1
Added Member To Class: ClassName=ESC Member=Component TP3 Component_1
Added Member To Class: ClassName=ESC Member=Component TP4 Component_1
Added Member To Class: ClassName=ESC Member=Component TP5 Component_1
Added Member To Class: ClassName=ESC Member=Component TP6 MOTORPHASE_A
Added Member To Class: ClassName=ESC Member=Component TP7 MOTORPHASE_B
Added Member To Class: ClassName=ESC Member=Component TP8 MOTORPHASE_C
