Change DesignItemId: Component "J1" not found
Change DesignItemId: Component "J2" not found
Change DesignItemId: Component "J3" not found
Change DesignItemId: Component "J4" not found
Change DesignItemId: Component "J5" not found
Change DesignItemId: Component "J6" not found
Change DesignItemId: Component "J7" not found
Change DesignItemId: Component "J8" not found
Change Comment: Unknown Component : J5
Change Comment: Unknown Component : J7
Change Comment: Unknown Component : J8
Change Comment: Unknown Component : J1
Change Comment: Unknown Component : J2
Change Comment: Unknown Component : J3
Change Comment: Unknown Component : J4
Change Comment: Unknown Component : J6
Change Description: Unknown Component : J1
Change Description: Unknown Component : J2
Change Description: Unknown Component : J3
Change Description: Unknown Component : J4
Change Description: Unknown Component : J5
Change Description: Unknown Component : J6
Change Description: Unknown Component : J7
Change Description: Unknown Component : J8
Change Library: Component "J1" not found
Change Library: Component "J2" not found
Change Library: Component "J3" not found
Change Library: Component "J4" not found
Change Library: Component "J5" not found
Change Library: Component "J6" not found
Change Library: Component "J7" not found
Change Library: Component "J8" not found
Change Managed Component Library Link: Component "J1" not found
Change Managed Component Library Link: Component "J2" not found
Change Managed Component Library Link: Component "J3" not found
Change Managed Component Library Link: Component "J4" not found
Change Managed Component Library Link: Component "J5" not found
Change Managed Component Library Link: Component "J6" not found
Change Managed Component Library Link: Component "J7" not found
Change Managed Component Library Link: Component "J8" not found
Change component parameters: Component "J1" not found
Change component parameters: Component "J2" not found
Change component parameters: Component "J3" not found
Change component parameters: Component "J4" not found
Change component parameters: Component "J5" not found
Change component parameters: Component "J6" not found
Change component parameters: Component "J7" not found
Change component parameters: Component "J8" not found
